level=INFO ts=2019-10-01T17:17:12.786718Z app=device-bitflow source=init.go:137 msg="Check Metadata service's status ..."
level=INFO ts=2019-10-01T17:17:12.787207Z app=device-bitflow source=init.go:137 msg="Check Data service's status ..."
level=INFO ts=2019-10-01T17:17:12.791545Z app=device-bitflow source=init.go:47 msg="Service clients initialize successful."
level=DEBUG ts=2019-10-01T17:17:12.791917Z app=device-bitflow source=service.go:135 msg="Trying to find Device Service: device-bitflow"
level=INFO ts=2019-10-01T17:17:12.791938Z app=device-bitflow source=loader.go:237 msg="listen for config changes from Registry"
level=INFO ts=2019-10-01T17:17:12.795696Z app=device-bitflow source=loader.go:261 msg="Writeable configuration has been updated. Setting log level to DEBUG"
level=INFO ts=2019-10-01T17:17:12.806955Z app=device-bitflow source=service.go:149 msg="Device Service device-bitflow exists"
level=DEBUG ts=2019-10-01T17:17:12.807324Z app=device-bitflow source=service.go:152 msg="Device Service in Core MetaData: device-bitflow"
level=DEBUG ts=2019-10-01T17:17:12.831495Z app=device-bitflow source=profiles.go:39 msg="created absolute path for loading pre-defined Device Profiles: /Users/pinie/go/src/github.com/datenente/device-bitflow/cmd/device-bitflow/res"
level=DEBUG ts=2019-10-01T17:17:12.85355Z app=device-bitflow source=devices.go:22 msg="Loading pre-define Devices from configuration"
level=DEBUG ts=2019-10-01T17:17:12.85425Z app=device-bitflow source=restrouter.go:21 msg="init status rest controller"
level=DEBUG ts=2019-10-01T17:17:12.854733Z app=device-bitflow source=restrouter.go:24 msg="init command rest controller"
level=DEBUG ts=2019-10-01T17:17:12.855213Z app=device-bitflow source=restrouter.go:30 msg="init callback rest controller"
level=DEBUG ts=2019-10-01T17:17:12.855576Z app=device-bitflow source=restrouter.go:33 msg="init other rest controller"
level=DEBUG ts=2019-10-01T17:17:12.855956Z app=device-bitflow source=restrouter.go:37 msg="init the metrics and config rest controller each"
level=INFO ts=2019-10-01T17:17:12.856337Z app=device-bitflow source=service.go:120 msg="*Service Start() called, name=device-bitflow, version=1.0.0"
level=INFO ts=2019-10-01T17:17:12.85661Z app=device-bitflow source=service.go:126 msg="Listening on port: 49995"
level=INFO ts=2019-10-01T17:17:12.856926Z app=device-bitflow source=service.go:127 msg="Service started in: 111.37205ms"
level=DEBUG ts=2019-10-01T17:17:12.857198Z app=device-bitflow source=service.go:129 msg="*Service Start() exit"
level=DEBUG ts=2019-10-01T17:17:14.796667Z app=device-bitflow source=simpledriver.go:165 msg="SimpleDriver.Stop called: force=false"
